g:\ninja_espionage_4.7\common\simplesidescrollerframework.lib
g:\ninja_espionage_4.7\temp\simplesidescrollerframework\debug\vc120.pdb
g:\ninja_espionage_4.7\temp\simplesidescrollerframework\debug\vc120.idb
g:\ninja_espionage_4.7\temp\simplesidescrollerframework\debug\spritemanager.obj
g:\ninja_espionage_4.7\temp\simplesidescrollerframework\debug\gamestatemanager.obj
g:\ninja_espionage_4.7\temp\simplesidescrollerframework\debug\sparselayer.obj
g:\ninja_espionage_4.7\temp\simplesidescrollerframework\debug\tiledlayer.obj
g:\ninja_espionage_4.7\temp\simplesidescrollerframework\debug\world.obj
g:\ninja_espionage_4.7\temp\simplesidescrollerframework\debug\button.obj
g:\ninja_espionage_4.7\temp\simplesidescrollerframework\debug\cursor.obj
g:\ninja_espionage_4.7\temp\simplesidescrollerframework\debug\gamegui.obj
g:\ninja_espionage_4.7\temp\simplesidescrollerframework\debug\screengui.obj
g:\ninja_espionage_4.7\temp\simplesidescrollerframework\debug\viewport.obj
g:\ninja_espionage_4.7\temp\simplesidescrollerframework\debug\gameinput.obj
g:\ninja_espionage_4.7\temp\simplesidescrollerframework\debug\directxgraphics.obj
g:\ninja_espionage_4.7\temp\simplesidescrollerframework\debug\directxtexturemanager.obj
g:\ninja_espionage_4.7\temp\simplesidescrollerframework\debug\windowsinput.obj
g:\ninja_espionage_4.7\temp\simplesidescrollerframework\debug\windowsos.obj
g:\ninja_espionage_4.7\temp\simplesidescrollerframework\debug\windowstimer.obj
g:\ninja_espionage_4.7\temp\simplesidescrollerframework\debug\bufferedtextfilereader.obj
g:\ninja_espionage_4.7\temp\simplesidescrollerframework\debug\gametext.obj
g:\ninja_espionage_4.7\temp\simplesidescrollerframework\debug\textfilewriter.obj
g:\ninja_espionage_4.7\temp\simplesidescrollerframework\debug\stdafx.obj
g:\ninja_espionage_4.7\temp\simplesidescrollerframework\debug\gamedataloader.obj
g:\ninja_espionage_4.7\temp\simplesidescrollerframework\debug\game.obj
g:\ninja_espionage_4.7\temp\simplesidescrollerframework\debug\wstringtable.obj
g:\ninja_espionage_4.7\temp\simplesidescrollerframework\debug\gamegraphics.obj
g:\ninja_espionage_4.7\temp\simplesidescrollerframework\debug\renderlist.obj
g:\ninja_espionage_4.7\temp\simplesidescrollerframework\debug\texturemanager.obj
g:\ninja_espionage_4.7\temp\simplesidescrollerframework\debug\botrecycler.obj
g:\ninja_espionage_4.7\temp\simplesidescrollerframework\debug\ninjastar.obj
g:\ninja_espionage_4.7\temp\simplesidescrollerframework\debug\randomobject.obj
g:\ninja_espionage_4.7\temp\simplesidescrollerframework\debug\randomguard.obj
g:\ninja_espionage_4.7\temp\simplesidescrollerframework\debug\aabb.obj
g:\ninja_espionage_4.7\temp\simplesidescrollerframework\debug\collidableobject.obj
g:\ninja_espionage_4.7\temp\simplesidescrollerframework\debug\physics.obj
g:\ninja_espionage_4.7\temp\simplesidescrollerframework\debug\animatedsprite.obj
g:\ninja_espionage_4.7\temp\simplesidescrollerframework\debug\animatedspritetype.obj
g:\ninja_espionage_4.7\temp\simplesidescrollerframework\debug\bossbot.obj
g:\ninja_espionage_4.7\temp\simplesidescrollerframework\debug\simplesi.cdb6313f.tlog\cl.command.1.tlog
g:\ninja_espionage_4.7\temp\simplesidescrollerframework\debug\simplesi.cdb6313f.tlog\lib.command.1.tlog
g:\ninja_espionage_4.7\temp\simplesidescrollerframework\debug\simplesi.cdb6313f.tlog\cl.read.1.tlog
g:\ninja_espionage_4.7\temp\simplesidescrollerframework\debug\simplesi.cdb6313f.tlog\lib-link.read.1.tlog
g:\ninja_espionage_4.7\temp\simplesidescrollerframework\debug\simplesi.cdb6313f.tlog\lib-link.write.1.tlog
g:\ninja_espionage_4.7\temp\simplesidescrollerframework\debug\simplesi.cdb6313f.tlog\cl.write.1.tlog
